<?xml version="1.0" encoding="UTF-8"?>
<testsuite xmlns:xsi="http://www.w3.org/2001/XMLSchema-instance" xsi:noNamespaceSchemaLocation="https://maven.apache.org/surefire/maven-surefire-plugin/xsd/surefire-test-report.xsd" name="com.liuxinchi.dao.UserDaoTest" time="2.689" tests="6" errors="0" skipped="0" failures="0">
  <properties>
[...]
</properties>
  <testcase name="addUser" classname="com.liuxinchi.dao.UserDaoTest" time="2.655"/>
  <testcase name="deletUser" classname="com.liuxinchi.dao.UserDaoTest" time="0"/>
  <testcase name="updataUser" classname="com.liuxinchi.dao.UserDaoTest" time="0"/>
  <testcase name="test" classname="com.liuxinchi.dao.UserDaoTest" time="0.006"/>
  <testcase name="getUserById" classname="com.liuxinchi.dao.UserDaoTest" time="0"/>
  <testcase name="getUserLike" classname="com.liuxinchi.dao.UserDaoTest" time="0.001"/>
</testsuite>